SF:lib/features/weather/cubit/weather_state.dart
DA:6,2
DA:8,2
DA:10,4
DA:12,2
DA:17,1
DA:21,1
DA:23,1
DA:24,1
DA:30,1
DA:35,1
DA:36,1
DA:37,1
DA:38,1
DA:42,2
DA:44,1
DA:45,4
LF:16
LH:16
end_of_record
SF:lib/features/weather/cubit/weather_cubit.dart
DA:12,3
DA:16,1
DA:17,1
DA:19,3
DA:22,1
DA:23,2
DA:25,2
DA:26,1
DA:27,3
DA:28,2
DA:30,1
DA:31,2
DA:34,2
DA:37,1
DA:38,3
DA:42,1
DA:43,3
DA:44,4
DA:46,1
DA:47,5
DA:49,2
DA:50,1
DA:51,3
DA:52,2
DA:54,1
DA:55,2
DA:58,2
DA:61,1
DA:62,2
DA:66,1
DA:67,3
DA:71,3
DA:72,3
DA:76,2
DA:77,2
DA:78,1
DA:79,1
DA:80,2
DA:81,2
DA:82,1
DA:83,2
DA:85,2
DA:91,1
DA:93,1
DA:95,1
DA:96,1
DA:100,4
DA:101,4
LF:48
LH:48
end_of_record
SF:lib/features/weather/cubit/weather_cubit.g.dart
DA:9,1
DA:10,1
DA:13,1
DA:14,1
DA:15,1
DA:17,1
DA:18,1
DA:20,1
DA:22,1
DA:23,1
DA:25,1
DA:27,1
DA:29,1
DA:36,1
DA:37,1
DA:38,2
DA:40,2
DA:41,2
LF:18
LH:18
end_of_record
SF:lib/features/theme/cubit/theme_cubit.dart
DA:8,2
DA:12,1
DA:13,2
DA:16,1
DA:18,3
DA:21,1
DA:23,3
DA:28,1
DA:29,1
DA:30,1
DA:32,1
DA:34,1
DA:36,1
DA:38,1
LF:14
LH:14
end_of_record
SF:lib/features/weather/models/weather.dart
DA:12,2
DA:14,0
DA:19,4
DA:21,1
DA:22,1
DA:26,2
DA:28,1
DA:29,2
DA:34,1
DA:41,1
DA:42,1
DA:44,1
DA:45,1
DA:46,1
DA:47,1
DA:48,1
DA:49,2
DA:53,3
DA:55,1
DA:65,1
DA:66,5
DA:68,2
DA:70,1
DA:76,1
DA:77,1
DA:78,1
DA:79,1
DA:80,0
LF:28
LH:26
end_of_record
SF:lib/features/weather/models/weather.g.dart
DA:9,2
DA:12,1
DA:13,1
DA:14,3
DA:20,1
DA:21,1
DA:22,1
DA:25,2
DA:28,1
DA:29,1
DA:30,1
DA:31,2
DA:32,1
DA:33,2
DA:34,2
DA:35,1
DA:36,2
DA:43,2
DA:44,2
DA:45,2
DA:46,1
DA:47,2
LF:22
LH:22
end_of_record
